"../../../../../../Users/Martin/Programovanie/repos/S05_TestingGrounds/TestingGrounds/Content/Dynamic/Character/AI/EQSTester.uasset" 0
"../../../../../../Users/Martin/Programovanie/repos/S05_TestingGrounds/TestingGrounds/Content/Dynamic/Character/AI/SetFocus.uasset" 1
"../../../../../../Users/Martin/Programovanie/repos/S05_TestingGrounds/TestingGrounds/Content/Dynamic/Character/Animations/TPAnimationClips/UE4_Mannequin_Skeleton.uasset" 2
"../../../../../../Users/Martin/Programovanie/repos/S05_TestingGrounds/TestingGrounds/Content/Dynamic/Character/Animations/TPAnimationClips/Aim_Space_Hip.uasset" 3
"../../../../../../Users/Martin/Programovanie/repos/S05_TestingGrounds/TestingGrounds/Content/Dynamic/Character/Animations/TPAnimationClips/Crouch_Idle_Rifle_Ironsights.uasset" 4
"../../../../../../Users/Martin/Programovanie/repos/S05_TestingGrounds/TestingGrounds/Content/Dynamic/Character/Animations/TPAnimationClips/Crouch_to_Stand_Rifle_Hip.uasset" 5
"../../../../../../Users/Martin/Programovanie/repos/S05_TestingGrounds/TestingGrounds/Content/Dynamic/Character/Animations/TPAnimationClips/Crouch_to_Stand_Rifle_Ironsights.uasset" 6
"../../../../../../Users/Martin/Programovanie/repos/S05_TestingGrounds/TestingGrounds/Content/Dynamic/Character/Animations/TPAnimationClips/Crouch_Walk_Bwd_Rifle_Ironsights.uasset" 7
"../../../../../../Users/Martin/Programovanie/repos/S05_TestingGrounds/TestingGrounds/Content/Dynamic/Character/Animations/TPAnimationClips/Crouch_Walk_Fwd_Rifle_Ironsights.uasset" 8
"../../../../../../Users/Martin/Programovanie/repos/S05_TestingGrounds/TestingGrounds/Content/Dynamic/Character/Animations/TPAnimationClips/Crouch_Walk_Lt_Rifle_Ironsights.uasset" 9
"../../../../../../Users/Martin/Programovanie/repos/S05_TestingGrounds/TestingGrounds/Content/Dynamic/Character/Animations/TPAnimationClips/Crouch_Walk_Rt_Rifle_Ironsights.uasset" 10
"../../../../../../Users/Martin/Programovanie/repos/S05_TestingGrounds/TestingGrounds/Content/Dynamic/Character/Animations/TPAnimationClips/Death_3.uasset" 11
"../../../../../../Users/Martin/Programovanie/repos/S05_TestingGrounds/TestingGrounds/Content/Dynamic/Character/Animations/TPAnimationClips/Death_Ironsights_1.uasset" 12
"../../../../../../Users/Martin/Programovanie/repos/S05_TestingGrounds/TestingGrounds/Content/Dynamic/Character/Animations/TPAnimationClips/Death_Ironsights_2.uasset" 13
"../../../../../../Users/Martin/Programovanie/repos/S05_TestingGrounds/TestingGrounds/Content/Dynamic/Character/Animations/TPAnimationClips/Equip_Pistol_Standing.uasset" 14
"../../../../../../Users/Martin/Programovanie/repos/S05_TestingGrounds/TestingGrounds/Content/Dynamic/Character/Animations/TPAnimationClips/Equip_Rifle_Standing.uasset" 15
"../../../../../../Users/Martin/Programovanie/repos/S05_TestingGrounds/TestingGrounds/Content/Dynamic/Character/Animations/TPAnimationClips/Fire_Rifle_Hip.uasset" 16
"../../../../../../Users/Martin/Programovanie/repos/S05_TestingGrounds/TestingGrounds/Content/Dynamic/Character/Animations/TPAnimationClips/Fire_Rifle_Ironsights_Additive.uasset" 17
"../../../../../../Users/Martin/Programovanie/repos/S05_TestingGrounds/TestingGrounds/Content/Dynamic/Character/Animations/TPAnimationClips/Fire_Shotgun_Hip.uasset" 18
"../../../../../../Users/Martin/Programovanie/repos/S05_TestingGrounds/TestingGrounds/Content/Dynamic/Character/Animations/TPAnimationClips/Fire_Shotgun_Ironsights.uasset" 19
"../../../../../../Users/Martin/Programovanie/repos/S05_TestingGrounds/TestingGrounds/Content/Dynamic/Character/Animations/TPAnimationClips/Hit_React_1.uasset" 20
"../../../../../../Users/Martin/Programovanie/repos/S05_TestingGrounds/TestingGrounds/Content/Dynamic/Character/Animations/TPAnimationClips/Hit_React_2.uasset" 21
"../../../../../../Users/Martin/Programovanie/repos/S05_TestingGrounds/TestingGrounds/Content/Dynamic/Character/Animations/TPAnimationClips/Hit_React_3.uasset" 22
"../../../../../../Users/Martin/Programovanie/repos/S05_TestingGrounds/TestingGrounds/Content/Dynamic/Character/Animations/TPAnimationClips/Hit_React_4.uasset" 23
"../../../../../../Users/Martin/Programovanie/repos/S05_TestingGrounds/TestingGrounds/Content/Dynamic/Character/Animations/TPAnimationClips/Idle_Pistol.uasset" 24
"../../../../../../Users/Martin/Programovanie/repos/S05_TestingGrounds/TestingGrounds/Content/Dynamic/Character/Animations/TPAnimationClips/Jump_From_Stand_Ironsights.uasset" 25
"../../../../../../Users/Martin/Programovanie/repos/S05_TestingGrounds/TestingGrounds/Content/Dynamic/Character/Animations/TPAnimationClips/Prone_Death_1.uasset" 26
"../../../../../../Users/Martin/Programovanie/repos/S05_TestingGrounds/TestingGrounds/Content/Dynamic/Character/Animations/TPAnimationClips/Prone_Death_2.uasset" 27
"../../../../../../Users/Martin/Programovanie/repos/S05_TestingGrounds/TestingGrounds/Content/Dynamic/Character/Animations/TPAnimationClips/Prone_Fire_1.uasset" 28
"../../../../../../Users/Martin/Programovanie/repos/S05_TestingGrounds/TestingGrounds/Content/Dynamic/Character/Animations/TPAnimationClips/Prone_Fire_2.uasset" 29
"../../../../../../Users/Martin/Programovanie/repos/S05_TestingGrounds/TestingGrounds/Content/Dynamic/Character/Animations/TPAnimationClips/Prone_Idle.uasset" 30
"../../../../../../Users/Martin/Programovanie/repos/S05_TestingGrounds/TestingGrounds/Content/Dynamic/Character/Animations/TPAnimationClips/Prone_Reload_Rifle.uasset" 31
"../../../../../../Users/Martin/Programovanie/repos/S05_TestingGrounds/TestingGrounds/Content/Dynamic/Character/Animations/TPAnimationClips/Prone_Reload_Shotgun.uasset" 32
"../../../../../../Users/Martin/Programovanie/repos/S05_TestingGrounds/TestingGrounds/Content/Dynamic/Character/Animations/TPAnimationClips/Prone_To_Stand.uasset" 33
"../../../../../../Users/Martin/Programovanie/repos/S05_TestingGrounds/TestingGrounds/Content/Dynamic/Character/Animations/TPAnimationClips/Reload_Pistol.uasset" 34
"../../../../../../Users/Martin/Programovanie/repos/S05_TestingGrounds/TestingGrounds/Content/Dynamic/Character/Animations/TPAnimationClips/Reload_Rifle_Hip.uasset" 35
"../../../../../../Users/Martin/Programovanie/repos/S05_TestingGrounds/TestingGrounds/Content/Dynamic/Character/Animations/TPAnimationClips/Reload_Rifle_Ironsights.uasset" 36
"../../../../../../Users/Martin/Programovanie/repos/S05_TestingGrounds/TestingGrounds/Content/Dynamic/Character/Animations/TPAnimationClips/Reload_Shotgun_Hip.uasset" 37
"../../../../../../Users/Martin/Programovanie/repos/S05_TestingGrounds/TestingGrounds/Content/Dynamic/Character/Animations/TPAnimationClips/Reload_Shotgun_Ironsights.uasset" 38
"../../../../../../Users/Martin/Programovanie/repos/S05_TestingGrounds/TestingGrounds/Content/Dynamic/Character/Animations/TPAnimationClips/Sprint_Fwd_Rifle.uasset" 39
"../../../../../../Users/Martin/Programovanie/repos/S05_TestingGrounds/TestingGrounds/Content/Dynamic/Character/Animations/TPAnimationClips/Stand_to_Crouch_Rifle_Hip.uasset" 40
"../../../../../../Users/Martin/Programovanie/repos/S05_TestingGrounds/TestingGrounds/Content/Dynamic/Character/Animations/TPAnimationClips/Stand_to_Crouch_Rifle_Ironsights.uasset" 41
"../../../../../../Users/Martin/Programovanie/repos/S05_TestingGrounds/TestingGrounds/Content/Dynamic/Character/Animations/TPAnimationClips/Stand_To_Prone.uasset" 42
"../../../../../../Users/Martin/Programovanie/repos/S05_TestingGrounds/TestingGrounds/Content/Static/Geometry/Meshes/CubeMaterial.uasset" 43
"../../../../../../Users/Martin/Programovanie/repos/S05_TestingGrounds/TestingGrounds/Content/Static/Geometry/Meshes/1M_Cube_Chamfer.uasset" 44
"../../../../../../Users/Martin/Programovanie/repos/S05_TestingGrounds/TestingGrounds/Content/Static/Geometry/Meshes/RampMaterial.uasset" 45
"../../../../../../Users/Martin/Programovanie/repos/S05_TestingGrounds/TestingGrounds/Content/Static/Geometry/Meshes/Bump_StaticMesh.uasset" 46
"../../../../../../Users/Martin/Programovanie/repos/S05_TestingGrounds/TestingGrounds/Content/Static/Geometry/Meshes/LeftArm_StaticMesh.uasset" 47
"../../../../../../Users/Martin/Programovanie/repos/S05_TestingGrounds/TestingGrounds/Content/Static/Geometry/Meshes/Linear_Stair_StaticMesh.uasset" 48
"../../../../../../Users/Martin/Programovanie/repos/S05_TestingGrounds/TestingGrounds/Content/Static/Geometry/Meshes/Ramp_StaticMesh.uasset" 49
"../../../../../../Users/Martin/Programovanie/repos/S05_TestingGrounds/TestingGrounds/Content/Static/Geometry/Meshes/RightArm_StaticMesh.uasset" 50
"../../../../../../Users/Martin/Programovanie/repos/S05_TestingGrounds/TestingGrounds/Content/Static/Geometry/Meshes/TemplateFloor.uasset" 51
"../../../../../../Users/Martin/Programovanie/repos/S05_TestingGrounds/TestingGrounds/Content/Static/Player/Meshes/BaseMaterial.uasset" 52
"../../../../../../Users/Martin/Programovanie/repos/S05_TestingGrounds/TestingGrounds/Content/Static/Player/Meshes/CubeMaterialOverride.uasset" 53
"../../../../../../Users/Martin/Programovanie/repos/S05_TestingGrounds/TestingGrounds/Content/Static/Player/Textures/FirstPersonCrosshair.uasset" 54
"../../../../../../Users/Martin/Programovanie/repos/S05_TestingGrounds/TestingGrounds/Content/Static/Weapons/FPWeapon/Materials/MaterialLayers/ML_Plastic_Shiny_Beige_LOGO.uasset" 55
"../../../../../../Users/Martin/Programovanie/repos/S05_TestingGrounds/TestingGrounds/Content/Static/Weapons/FPWeapon/Materials/MaterialLayers/T_ML_FineRubber.uasset" 56
"../../../../../../Users/Martin/Programovanie/repos/S05_TestingGrounds/TestingGrounds/Content/Static/Weapons/FPWeapon/Mesh/SK_FPGun_PhysicsAsset.uasset" 57
"../../../Engine/Content/Animation/DefaultAnimBoneCompressionSettings.uasset" 58
"../../../Engine/Content/Animation/DefaultAnimCurveCompressionSettings.uasset" 59
"../../../Engine/Content/EngineMaterials/T_Default_Material_Grid_N.uasset" 60
"../../../Engine/Content/EngineMaterials/T_Default_Material_Grid_M.uasset" 61
"../../../Engine/Content/Functions/Engine_MaterialFunctions01/Opacity/CameraDepthFade.uasset" 62
"../../../Engine/Content/EngineMaterials/WorldGridMaterial.uasset" 63
"../../../Engine/Content/ArtTools/RenderToTexture/Meshes/S_1_Unit_Plane.uasset" 64
"../../../Engine/Content/EngineMaterials/DefaultMaterial.uasset" 65
"../../../Engine/Content/BasicShapes/Cone.uasset" 66
"../../../Engine/Content/BasicShapes/Cube.uasset" 67
"../../../Engine/Content/BasicShapes/Plane.uasset" 68
"../../../Engine/Content/EditorLandscapeResources/DataLayer.uasset" 69
"../../../Engine/Content/EditorLandscapeResources/DefaultAlphaTexture.uasset" 70
"../../../Engine/Content/EditorMaterials/MAT_Groups_Toggle.uasset" 71
"../../../Engine/Content/EditorMaterials/MAT_Groups_Visibility.uasset" 72
"../../../Engine/Content/EditorMaterials/PreviewShadowIndicator.uasset" 73
"../../../Engine/Content/EditorMaterials/PreviewShadowIndicatorMaterial.uasset" 74
"../../../Engine/Content/EditorMaterials/MatineeGroups/MAT_ColorTrack.uasset" 75
"../../../Engine/Content/EditorMaterials/MatineeGroups/MAT_Groups_Anim.uasset" 76
"../../../Engine/Content/EditorMaterials/MatineeGroups/MAT_Groups_AudioMaster.uasset" 77
"../../../Engine/Content/EditorMaterials/MatineeGroups/MAT_Groups_Director.uasset" 78
"../../../Engine/Content/EditorMaterials/MatineeGroups/MAT_Groups_Event.uasset" 79
"../../../Engine/Content/EditorMaterials/MatineeGroups/MAT_Groups_Fade.uasset" 80
"../../../Engine/Content/EditorMaterials/MatineeGroups/MAT_Groups_Float.uasset" 81
"../../../Engine/Content/EditorMaterials/MatineeGroups/MAT_Groups_Move.uasset" 82
"../../../Engine/Content/EditorMaterials/MatineeGroups/MAT_Groups_Slomo.uasset" 83
"../../../Engine/Content/EditorMaterials/MatineeGroups/MAT_Groups_Sound.uasset" 84
"../../../Engine/Content/EditorMaterials/MatineeGroups/MAT_Groups_Vector.uasset" 85
"../../../Engine/Content/EditorMaterials/ParticleSystems/PSysThumbnail_NoImage.uasset" 86
"../../../Engine/Content/EditorMaterials/ParticleSystems/PSysThumbnail_OOD.uasset" 87
"../../../Engine/Content/EditorMaterials/Camera/CineMat.uasset" 88
"../../../Engine/Content/EditorMaterials/Camera/MI_CineMat_Rig.uasset" 89
"../../../Engine/Content/EditorMeshes/Camera/SM_CraneRig_Arm.uasset" 90
"../../../Engine/Content/EditorMeshes/Camera/SM_CraneRig_Base.uasset" 91
"../../../Engine/Content/EditorMeshes/Camera/SM_CraneRig_Body.uasset" 92
"../../../Engine/Content/EditorMeshes/Camera/SM_CraneRig_Mount.uasset" 93
"../../../Engine/Content/EditorMeshes/Camera/SM_RailRig_Mount.uasset" 94
"../../../Engine/Content/EditorMeshes/Camera/SM_RailRig_Track.uasset" 95
"../../../Engine/Content/EditorResources/BSPVertex.uasset" 96
"../../../Engine/Content/EditorResources/EmptyActor.uasset" 97
"../../../Engine/Content/EditorResources/S_Actor.uasset" 98
"../../../Engine/Content/EditorResources/S_Note.uasset" 99
"../../../Engine/Content/EditorResources/S_Solver.uasset" 100
"../../../Engine/Content/EditorResources/S_Terrain.uasset" 101
"../../../Engine/Content/EditorResources/S_Trigger.uasset" 102
"../../../Engine/Content/EditorResources/LightIcons/S_LightError.uasset" 103
"../../../Engine/Content/EditorResources/SequenceRecorder/Countdown.uasset" 104
"../../../Engine/Content/EditorResources/SequenceRecorder/RecordingIndicator.uasset" 105
"../../../Engine/Content/EngineDamageTypes/DmgTypeBP_Environmental.uasset" 106
"../../../Engine/Content/EngineDebugMaterials/DebugEditorMaterial.uasset" 107
"../../../Engine/Content/EngineDebugMaterials/DebugMeshMaterial.uasset" 108
"../../../Engine/Content/EngineDebugMaterials/M_SimpleUnlitTranslucent.uasset" 109
"../../../Engine/Content/EngineDebugMaterials/VolumeToRender.uasset" 110
"../../../Engine/Content/Functions/Engine_MaterialFunctions02/Utility/CameraDirectionVector.uasset" 111
"../../../Engine/Content/EngineDebugMaterials/M_VolumeRenderSphereTracePP.uasset" 112
"../../../Engine/Content/Functions/Engine_MaterialFunctions01/Shading/ConvertFromDiffSpec.uasset" 113
"../../../Engine/Content/EngineDebugMaterials/VertexColorMaterial.uasset" 114
"../../../Engine/Content/EngineDebugMaterials/WireframeMaterial.uasset" 115
"../../../Engine/Content/EngineFonts/Faces/RobotoRegular.uasset" 116
"../../../Engine/Content/EngineFonts/Faces/RobotoLight.uasset" 117
"../../../Engine/Content/EngineFonts/Faces/RobotoItalic.uasset" 118
"../../../Engine/Content/EngineFonts/Faces/RobotoBoldItalic.uasset" 119
"../../../Engine/Content/EngineFonts/Faces/RobotoBold.uasset" 120
"../../../Engine/Content/EngineFonts/Faces/DroidSansFallback.uasset" 121
"../../../Engine/Content/EngineFonts/Roboto.uasset" 122
"../../../Engine/Content/EngineMaterials/BaseFlattenNormalMap.uasset" 123
"../../../Engine/Content/EngineMaterials/BaseFlattenGrayscaleMap.uasset" 124
"../../../Engine/Content/EngineMaterials/BaseFlattenEmissiveMap.uasset" 125
"../../../Engine/Content/EngineMaterials/BaseFlattenDiffuseMap.uasset" 126
"../../../Engine/Content/EngineMaterials/BaseFlattenMaterial.uasset" 127
"../../../Engine/Content/EngineMaterials/BlueNoise.uasset" 128
"../../../Engine/Content/EngineMaterials/DefaultBloomKernel.uasset" 129
"../../../Engine/Content/EngineMaterials/DefaultBokeh.uasset" 130
"../../../Engine/Content/EngineMaterials/DefaultDiffuse.uasset" 131
"../../../Engine/Content/EngineMaterials/DefaultDeferredDecalMaterial.uasset" 132
"../../../Engine/Content/EngineMaterials/DefaultLightFunctionMaterial.uasset" 133
"../../../Engine/Content/EngineMaterials/DefaultPhysicalMaterial.uasset" 134
"../../../Engine/Content/Functions/Engine_MaterialFunctions02/Utility/BreakOutFloat2Components.uasset" 135
"../../../Engine/Content/EngineMaterials/DefaultPostProcessMaterial.uasset" 136
"../../../Engine/Content/EngineFonts/RobotoDistanceField.uasset" 137
"../../../Engine/Content/EngineMaterials/DefaultTextMaterialOpaque.uasset" 138
"../../../Engine/Content/EngineMaterials/DefaultWhiteGrid.uasset" 139
"../../../Engine/Content/EngineMaterials/DefaultWhiteGrid_Low.uasset" 140
"../../../Engine/Content/EngineMaterials/EmissiveMeshMaterial.uasset" 141
"../../../Engine/Content/EngineMaterials/GizmoMaterial.uasset" 142
"../../../Engine/Content/EngineMaterials/MiniFont.uasset" 143
"../../../Engine/Content/EngineMaterials/InvalidLightmapSettings.uasset" 144
"../../../Engine/Content/EngineMaterials/M_InvalidLightmapSettings.uasset" 145
"../../../Engine/Content/Functions/Engine_MaterialFunctions02/WorldPositionOffset/CameraOffset.uasset" 146
"../../../Engine/Content/EngineMaterials/PhAT_JointLimitMaterial.uasset" 147
"../../../Engine/Content/EngineMaterials/PreintegratedSkinBRDF.uasset" 148
"../../../Engine/Content/EngineMaterials/RemoveSurfaceMaterial.uasset" 149
"../../../Engine/Content/EngineMaterials/WeightMapPlaceholderTexture.uasset" 150
"../../../Engine/Content/EngineResources/WhiteSquareTexture.uasset" 151
"../../../Engine/Content/EngineMaterials/Widget3DPassThrough.uasset" 152
"../../../Engine/Content/EngineMaterials/Widget3DPassThrough_Masked.uasset" 153
"../../../Engine/Content/EngineMaterials/Widget3DPassThrough_Opaque.uasset" 154
"../../../Engine/Content/EngineMaterials/Widget3DPassThrough_Masked_OneSided.uasset" 155
"../../../Engine/Content/EngineMaterials/Widget3DPassThrough_Opaque_OneSided.uasset" 156
"../../../Engine/Content/EngineMaterials/Widget3DPassThrough_Translucent.uasset" 157
"../../../Engine/Content/EngineMaterials/Widget3DPassThrough_Translucent_OneSided.uasset" 158
"../../../Engine/Content/EngineMeshes/Cylinder.uasset" 159
"../../../Engine/Content/EngineMeshes/Sphere.uasset" 160
"../../../Engine/Content/EngineResources/Black.uasset" 161
"../../../Engine/Content/EngineResources/DefaultTextureCube.uasset" 162
"../../../Engine/Content/EngineResources/DefaultVolumeTexture2D.uasset" 163
"../../../Engine/Content/EngineResources/DefaultVolumeTexture.uasset" 164
"../../../Engine/Content/EngineResources/GradientTexture0.uasset" 165
"../../../Engine/Content/EngineSky/VolumetricClouds/T_NoiseShape64.uasset" 166
"../../../Engine/Content/EngineSky/VolumetricClouds/T_VolumeNoiseShape64.uasset" 167
"../../../Engine/Content/EngineSky/VolumetricClouds/T_NoiseErosion.uasset" 168
"../../../Engine/Content/EngineSky/VolumetricClouds/T_VolumeNoiseErosion32.uasset" 169
"../../../Engine/Content/EngineSky/VolumetricClouds/CloudWeatherTexture.uasset" 170
"../../../Engine/Content/EngineSky/VolumetricClouds/CloudGradientTexture.uasset" 171
"../../../Engine/Content/Functions/Engine_MaterialFunctions02/Utility/MakeFloat2.uasset" 172
"../../../Engine/Content/EngineSky/VolumetricClouds/m_SimpleVolumetricCloud.uasset" 173
"../../../Engine/Content/EngineSky/VolumetricClouds/m_SimpleVolumetricCloud_Inst.uasset" 174
"../../../Engine/Content/EngineSounds/Master.uasset" 175
"../../../Engine/Content/Functions/Engine_MaterialFunctions01/Shading/PowerToRoughness.uasset" 176
"../../../Engine/Content/Maps/Templates/Thumbnails/Default.uasset" 177
"../../../Engine/Content/Maps/Templates/Thumbnails/TimeOfDay.uasset" 178
"../../../Engine/Content/Maps/Templates/Thumbnails/VR-Basic.uasset" 179
"../../../Engine/Content/MobileResources/T_MobileControls_texture.uasset" 180
"../../../Engine/Content/MobileResources/T_MobileMenu2.uasset" 181
"../../../Engine/Content/MobileResources/HUD/AnalogHat.uasset" 182
"../../../Engine/Content/MobileResources/HUD/VirtualJoystick_Thumb.uasset" 183
"../../../Engine/Content/MobileResources/HUD/VirtualJoystick_Background.uasset" 184
"../../../Engine/Content/MobileResources/HUD/DefaultVirtualJoysticks.uasset" 185
"../../../Engine/Content/MobileResources/HUD/LeftVirtualJoystickOnly.uasset" 186
"../../../Engine/Content/MobileResources/HUD/MobileHUDButton1_off.uasset" 187
"../../../Engine/Content/MobileResources/HUD/MobileHUDButton1_on.uasset" 188
"../../../Engine/Content/MobileResources/HUD/MobileHUDButton2_off.uasset" 189
"../../../Engine/Content/MobileResources/HUD/MobileHUDButton2_on.uasset" 190
"../../../Engine/Content/MobileResources/HUD/MobileHUDButton3.uasset" 191
"../../../Engine/Content/MobileResources/HUD/MobileHUDButtonFire.uasset" 192
"../../../Engine/Content/MobileResources/HUD/MobileHUDDirectionPad.uasset" 193
"../../../Engine/Content/MobileResources/HUD/MobileHUDDirectionPad2.uasset" 194
"../../../Engine/Content/MobileResources/HUD/MobileHUDDirectionPad3.uasset" 195
"../../../Engine/Content/MobileResources/HUD/MobileHUDDirectionStick.uasset" 196
"../../../Engine/Content/MobileResources/HUD/T_Castle_ThumbstickInner.uasset" 197
"../../../Engine/Content/MobileResources/HUD/T_Castle_ThumbstickOutter.uasset" 198
"../../../Engine/Content/Tutorial/ContentIntroCurve.uasset" 199
"../../../Engine/Content/Tutorial/Basics/LevelEditorAttract.uasset" 200
"../../../Engine/Content/Tutorial/Basics/TutorialAssets/icon_tab_Levels_40x.uasset" 201
"../../../Engine/Content/Tutorial/Basics/LevelEditorOverview.uasset" 202
"../../../Engine/Content/VREditor/TransformGizmo/TranslucentTransformGizmoMaterial.uasset" 203
"../../../Engine/Content/VREditor/LaserPointer/VR_LaserPower_01.uasset" 204
"../../../Engine/Content/VREditor/TransformGizmo/TransformGizmoMaterial.uasset" 205
"../../../Engine/Content/VREditor/TransformGizmo/BoundingBoxCorner.uasset" 206
"../../../Engine/Content/VREditor/TransformGizmo/BoundingBoxEdge.uasset" 207
"../../../Engine/Content/VREditor/TransformGizmo/PlaneTranslationHandle.uasset" 208
"../../../Engine/Content/VREditor/TransformGizmo/Xray.uasset" 209
"../../../Engine/Content/VREditor/TransformGizmo/Main.uasset" 210
"../../../Engine/Content/VREditor/TransformGizmo/SM_Sequencer_Key.uasset" 211
"../../../Engine/Content/VREditor/TransformGizmo/SM_Sequencer_Node.uasset" 212
"../../Plugins/2D/Paper2D/Content/PlaceholderTextures/DummySpriteTexture.uasset" 213
"../../Plugins/2D/Paper2D/Content/DummySprite.uasset" 214
"../../Plugins/2D/Paper2D/Content/DefaultPaperTerrainMaterial.uasset" 215
"../../Plugins/2D/Paper2D/Content/DefaultSpriteMaterial.uasset" 216
"../../Plugins/2D/Paper2D/Content/MaskedUnlitSpriteMaterial.uasset" 217
"../../Plugins/2D/Paper2D/Content/OpaqueUnlitSpriteMaterial.uasset" 218
"../../../Engine/Content/Functions/Engine_MaterialFunctions02/Utility/BreakOutFloat3Components.uasset" 219
"../../Plugins/Editor/SpeedTreeImporter/Content/SpeedTree9/UnpackInteger3.uasset" 220
"../../Plugins/Editor/SpeedTreeImporter/Content/SpeedTree9/UnpackDirection.uasset" 221
"../../Plugins/Editor/SpeedTreeImporter/Content/SpeedTree9/game_wind_noise.uasset" 222
"../../../Engine/Content/Functions/Engine_MaterialFunctions02/SafeNormalize.uasset" 223
"../../Plugins/Editor/SpeedTreeImporter/Content/SpeedTree9/SpeedTreeWindMotion.uasset" 224
"../../Plugins/Editor/SpeedTreeImporter/Content/SpeedTree9/SpeedTreeBranchMotion.uasset" 225
"../../../Engine/Content/Functions/Engine_MaterialFunctions02/ObjectLocalBounds.uasset" 226
"../../../Engine/Content/Functions/Engine_MaterialFunctions02/UVs/BoundingBoxBased_0-1_UVW.uasset" 227
"../../Plugins/Editor/SpeedTreeImporter/Content/SpeedTree9/SpeedTreeWind.uasset" 228
"../../Plugins/Editor/SpeedTreeImporter/Content/SpeedTree9/SpeedTreeBillboard.uasset" 229
"../../../Engine/Content/EngineResources/DefaultTexture.uasset" 230
"../../Plugins/Editor/SpeedTreeImporter/Content/SpeedTree9/SpeedTreeBillboardMaster.uasset" 231
"../../Plugins/Editor/SpeedTreeImporter/Content/SpeedTree9/SpeedTreeCameraFacing.uasset" 232
"../../Plugins/Editor/SpeedTreeImporter/Content/SpeedTree9/SpeedTreeMaster.uasset" 233
"../../../Engine/Content/BasicShapes/Cylinder.uasset" 234
"../../../Engine/Content/ArtTools/RenderToTexture/Materials/Debug/M_Emissive_Color.uasset" 235
"../../Plugins/Lumin/MagicLeapPassableWorld/Content/MagicLeapARPinInfoActor.uasset" 236
"../../Plugins/Marketplace/Substance/Content/Templates/textures/default_normal.uasset" 237
"../../Plugins/Marketplace/Substance/Content/Templates/textures/default_color.uasset" 238
"../../../Engine/Content/Functions/Engine_MaterialFunctions02/Texturing/CustomRotator.uasset" 239
"../../Plugins/Marketplace/Substance/Content/Templates/material_functions/tiling.uasset" 240
"../../Plugins/Marketplace/Substance/Content/Templates/parent_materials/Substance_Basic_Template.uasset" 241
"../../../Engine/Content/EngineSky/T_Sky_Stars.uasset" 242
"../../../Engine/Content/EngineSky/T_Sky_Clouds_M.uasset" 243
"../../../Engine/Content/EngineSky/T_Sky_Blue.uasset" 244
"../../../Engine/Content/EngineSky/M_Sky_Panning_Clouds2.uasset" 245
"../../../../../../Users/Martin/Programovanie/repos/S05_TestingGrounds/TestingGrounds/Content/Dynamic/Levels/FirstPersonExampleMap_BuiltData.uasset" 246
"../../../Engine/Content/EngineSky/SM_SkySphere.uasset" 247
"../../../Engine/Content/EngineSky/C_Sky_Zenith_Color.uasset" 248
"../../../Engine/Content/EngineSky/C_Sky_Horizon_Color.uasset" 249
"../../../Engine/Content/EngineSky/C_Sky_Cloud_Color.uasset" 250
"../../../Engine/Content/EditorBlueprintResources/StandardMacros.uasset" 251
"../../../Engine/Content/EngineSky/BP_Sky_Sphere.uasset" 252
"../../../../../../Users/Martin/Programovanie/repos/S05_TestingGrounds/TestingGrounds/Content/Static/Packs/TestingGroundPack/GrassPack/Textures/Grass5_N.uasset" 253
"../../../../../../Users/Martin/Programovanie/repos/S05_TestingGrounds/TestingGrounds/Content/Static/Packs/TestingGroundPack/GrassPack/Textures/Grass5_D.uasset" 254
"../../../../../../Users/Martin/Programovanie/repos/S05_TestingGrounds/TestingGrounds/Content/Static/Packs/TestingGroundPack/GrassPack/Textures/BaseTextures/Mask1.uasset" 255
"../../../Engine/Content/Functions/Engine_MaterialFunctions01/WorldPositionOffset/SimpleGrassWind.uasset" 256
"../../../Engine/Content/Functions/Engine_MaterialFunctions01/Shading/FuzzyShadingGrass.uasset" 257
"../../../Engine/Content/Functions/Engine_MaterialFunctions01/Gradient/LinearGradient.uasset" 258
"../../../../../../Users/Martin/Programovanie/repos/S05_TestingGrounds/TestingGrounds/Content/Static/Packs/TestingGroundPack/GrassPack/Textures/BaseTextures/base_gray_d.uasset" 259
"../../../../../../Users/Martin/Programovanie/repos/S05_TestingGrounds/TestingGrounds/Content/Static/Packs/TestingGroundPack/GrassPack/Textures/BaseTextures/base_flat_n.uasset" 260
"../../../Engine/Content/EngineDebugMaterials/HeatmapGradient.uasset" 261
"../../../Engine/Content/Functions/Engine_MaterialFunctions01/ImageAdjustment/CheapContrast_RGB.uasset" 262
"../../../../../../Users/Martin/Programovanie/repos/S05_TestingGrounds/TestingGrounds/Content/Static/Packs/TestingGroundPack/GrassPack/Materials/BaseMaterial/Flora_twoSides.uasset" 263
"../../../../../../Users/Martin/Programovanie/repos/S05_TestingGrounds/TestingGrounds/Content/Static/Packs/TestingGroundPack/GrassPack/Materials/grass5.uasset" 264
"../../../../../../Users/Martin/Programovanie/repos/S05_TestingGrounds/TestingGrounds/Content/Static/Packs/TestingGroundPack/GrassPack/Meshes/grass05.uasset" 265
"../../../../../../Users/Martin/Programovanie/repos/S05_TestingGrounds/TestingGrounds/Content/Static/Packs/TestingGroundPack/GrassPack/Textures/Grass2_N.uasset" 266
"../../../../../../Users/Martin/Programovanie/repos/S05_TestingGrounds/TestingGrounds/Content/Static/Packs/TestingGroundPack/GrassPack/Textures/Grass2_D.uasset" 267
"../../../../../../Users/Martin/Programovanie/repos/S05_TestingGrounds/TestingGrounds/Content/Static/Packs/TestingGroundPack/GrassPack/Materials/grass2.uasset" 268
"../../../../../../Users/Martin/Programovanie/repos/S05_TestingGrounds/TestingGrounds/Content/Static/Packs/TestingGroundPack/GrassPack/Meshes/grass02.uasset" 269
"../../../../../../Users/Martin/Programovanie/repos/S05_TestingGrounds/TestingGrounds/Content/Static/Packs/TestingGroundPack/GrassPack/Textures/Grass_N.uasset" 270
"../../../../../../Users/Martin/Programovanie/repos/S05_TestingGrounds/TestingGrounds/Content/Static/Packs/TestingGroundPack/GrassPack/Textures/Grass_D.uasset" 271
"../../../../../../Users/Martin/Programovanie/repos/S05_TestingGrounds/TestingGrounds/Content/Static/Packs/TestingGroundPack/GrassPack/Materials/grass.uasset" 272
"../../../../../../Users/Martin/Programovanie/repos/S05_TestingGrounds/TestingGrounds/Content/Static/Packs/TestingGroundPack/GrassPack/Meshes/grass01.uasset" 273
"../../../../../../Users/Martin/Programovanie/repos/S05_TestingGrounds/TestingGrounds/Content/Static/Geometry/Meshes/1M_Cube.uasset" 274
"../../../../../../Users/Martin/Programovanie/repos/S05_TestingGrounds/TestingGrounds/Content/Dynamic/Terrain/S_GroundPlane.uasset" 275
"../../../Engine/Content/BasicShapes/Sphere.uasset" 276
"../../../../../../Users/Martin/Programovanie/repos/S05_TestingGrounds/TestingGrounds/Content/Static/Packs/TestingGroundPack/GrassPack/Textures/Ground_N.uasset" 277
"../../../../../../Users/Martin/Programovanie/repos/S05_TestingGrounds/TestingGrounds/Content/Static/Packs/TestingGroundPack/GrassPack/Textures/Ground_D.uasset" 278
"../../../Engine/Content/Functions/Engine_MaterialFunctions02/HueShift.uasset" 279
"../../../../../../Users/Martin/Programovanie/repos/S05_TestingGrounds/TestingGrounds/Content/Static/Packs/TestingGroundPack/GrassPack/Materials/BaseMaterial/bese_material.uasset" 280
"../../../../../../Users/Martin/Programovanie/repos/S05_TestingGrounds/TestingGrounds/Content/Static/Packs/TestingGroundPack/GrassPack/Materials/Ground.uasset" 281
"../../../../../../Users/Martin/Programovanie/repos/S05_TestingGrounds/TestingGrounds/Content/Static/Geometry/Meshes/Barrier.uasset" 282
"../../../../../../Users/Martin/Programovanie/repos/S05_TestingGrounds/TestingGrounds/Content/Dynamic/Terrain/MI_Barrier_Red.uasset" 283
"../../../../../../Users/Martin/Programovanie/repos/S05_TestingGrounds/TestingGrounds/Content/Dynamic/Terrain/MI_Barrier_Green.uasset" 284
"../../../Engine/Content/BasicShapes/BasicShapeMaterial.uasset" 285
"../../../../../../Users/Martin/Programovanie/repos/S05_TestingGrounds/TestingGrounds/Content/Static/Packs/TestingGroundPack/IndustryPropsPack4/Textures/TrashCan_SRM.uasset" 286
"../../../../../../Users/Martin/Programovanie/repos/S05_TestingGrounds/TestingGrounds/Content/Static/Packs/TestingGroundPack/IndustryPropsPack4/Textures/TrashCan_N.uasset" 287
"../../../../../../Users/Martin/Programovanie/repos/S05_TestingGrounds/TestingGrounds/Content/Static/Packs/TestingGroundPack/IndustryPropsPack4/Textures/TrashCan_D.uasset" 288
"../../../Engine/Content/Functions/Engine_MaterialFunctions02/Utility/BlendAngleCorrectedNormals.uasset" 289
"../../../../../../Users/Martin/Programovanie/repos/S05_TestingGrounds/TestingGrounds/Content/Static/Packs/TestingGroundPack/IndustryPropsPack4/Textures/BaseTextures/base_gray_d.uasset" 290
"../../../../../../Users/Martin/Programovanie/repos/S05_TestingGrounds/TestingGrounds/Content/Static/Packs/TestingGroundPack/IndustryPropsPack4/Textures/BaseTextures/base_flat_n.uasset" 291
"../../../../../../Users/Martin/Programovanie/repos/S05_TestingGrounds/TestingGrounds/Content/Static/Packs/TestingGroundPack/IndustryPropsPack4/Textures/BaseTextures/base_black_d.uasset" 292
"../../../Engine/Content/EngineMaterials/Good64x64TilingNoiseHighFreq.uasset" 293
"../../../Engine/Content/Functions/Engine_MaterialFunctions02/Texturing/ScreenAlignedPixelToPixelUVs.uasset" 294
"../../../Engine/Content/Functions/Engine_MaterialFunctions02/Utility/DitherTemporalAA.uasset" 295
"../../../Engine/Content/Functions/Engine_MaterialFunctions01/ImageAdjustment/BlurSampleOffsets.uasset" 296
"../../../../../../Users/Martin/Programovanie/repos/S05_TestingGrounds/TestingGrounds/Content/Static/Packs/TestingGroundPack/IndustryPropsPack4/Materials/BaseMaterial/bese_material.uasset" 297
"../../../../../../Users/Martin/Programovanie/repos/S05_TestingGrounds/TestingGrounds/Content/Static/Packs/TestingGroundPack/IndustryPropsPack4/Materials/TrashCan.uasset" 298
"../../../../../../Users/Martin/Programovanie/repos/S05_TestingGrounds/TestingGrounds/Content/Static/Packs/TestingGroundPack/IndustryPropsPack4/Meshes/Sack1.uasset" 299
"../../../../../../Users/Martin/Programovanie/repos/S05_TestingGrounds/TestingGrounds/Content/Dynamic/Terrain/Props/BP_SandBags.uasset" 300
"../../../../../../Users/Martin/Programovanie/repos/S05_TestingGrounds/TestingGrounds/Content/Static/Packs/TestingGroundPack/RockPackProV1/Rock17/Textures/Rock17_Occlusion.uasset" 301
"../../../../../../Users/Martin/Programovanie/repos/S05_TestingGrounds/TestingGrounds/Content/Static/Packs/TestingGroundPack/RockPackProV1/Rock17/Textures/Rock17_Normals.uasset" 302
"../../../../../../Users/Martin/Programovanie/repos/S05_TestingGrounds/TestingGrounds/Content/Static/Packs/TestingGroundPack/RockPackProV1/Rock17/Textures/Rock17_Albedo.uasset" 303
"../../../../../../Users/Martin/Programovanie/repos/S05_TestingGrounds/TestingGrounds/Content/Static/Packs/TestingGroundPack/RockPackProV1/Textures/RockDetail/Rocks_DetailAlbedo.uasset" 304
"../../../../../../Users/Martin/Programovanie/repos/S05_TestingGrounds/TestingGrounds/Content/Static/Packs/TestingGroundPack/RockPackProV1/Rock17/Rock17_Material.uasset" 305
"../../../../../../Users/Martin/Programovanie/repos/S05_TestingGrounds/TestingGrounds/Content/Static/Packs/TestingGroundPack/RockPackProV1/Rock17/Rock17_High.uasset" 306
"../../../../../../Users/Martin/Programovanie/repos/S05_TestingGrounds/TestingGrounds/Content/Dynamic/Terrain/Props/BP_Rock3.uasset" 307
"../../../../../../Users/Martin/Programovanie/repos/S05_TestingGrounds/TestingGrounds/Content/Static/Packs/TestingGroundPack/RockPackProV1/Rock05/Textures/Rock05_Occlusion.uasset" 308
"../../../../../../Users/Martin/Programovanie/repos/S05_TestingGrounds/TestingGrounds/Content/Static/Packs/TestingGroundPack/RockPackProV1/Rock05/Textures/Rock05_Normals.uasset" 309
"../../../../../../Users/Martin/Programovanie/repos/S05_TestingGrounds/TestingGrounds/Content/Static/Packs/TestingGroundPack/RockPackProV1/Rock05/Textures/Rock05_Albedo.uasset" 310
"../../../Engine/Content/Functions/MaterialLayerFunctions/MatLayerBlend_OverrideOpacityMask.uasset" 311
"../../../../../../Users/Martin/Programovanie/repos/S05_TestingGrounds/TestingGrounds/Content/Static/Packs/TestingGroundPack/RockPackProV1/Rock05/Rock05_Material.uasset" 312
"../../../../../../Users/Martin/Programovanie/repos/S05_TestingGrounds/TestingGrounds/Content/Static/Packs/TestingGroundPack/RockPackProV1/Rock05/Rock05_High.uasset" 313
"../../../../../../Users/Martin/Programovanie/repos/S05_TestingGrounds/TestingGrounds/Content/Dynamic/Terrain/Props/BP_Rock02.uasset" 314
"../../../../../../Users/Martin/Programovanie/repos/S05_TestingGrounds/TestingGrounds/Content/Static/Packs/TestingGroundPack/RockPackProV1/Rock01/Textures/Rock01_Occlusion.uasset" 315
"../../../../../../Users/Martin/Programovanie/repos/S05_TestingGrounds/TestingGrounds/Content/Static/Packs/TestingGroundPack/RockPackProV1/Rock01/Textures/Rock01_Normals.uasset" 316
"../../../../../../Users/Martin/Programovanie/repos/S05_TestingGrounds/TestingGrounds/Content/Static/Packs/TestingGroundPack/RockPackProV1/Rock01/Textures/Rock01_Albedo.uasset" 317
"../../../../../../Users/Martin/Programovanie/repos/S05_TestingGrounds/TestingGrounds/Content/Static/Packs/TestingGroundPack/RockPackProV1/Rock01/Rock01_Material.uasset" 318
"../../../../../../Users/Martin/Programovanie/repos/S05_TestingGrounds/TestingGrounds/Content/Static/Packs/TestingGroundPack/RockPackProV1/Rock01/Rock01_High.uasset" 319
"../../../../../../Users/Martin/Programovanie/repos/S05_TestingGrounds/TestingGrounds/Content/Dynamic/Terrain/Props/BP_Rock01.uasset" 320
"../../../../../../Users/Martin/Programovanie/repos/S05_TestingGrounds/TestingGrounds/Content/Static/Packs/TestingGroundPack/IndustryPropsPack4/Textures/Container_SRM.uasset" 321
"../../../../../../Users/Martin/Programovanie/repos/S05_TestingGrounds/TestingGrounds/Content/Static/Packs/TestingGroundPack/IndustryPropsPack4/Textures/Container_N.uasset" 322
"../../../../../../Users/Martin/Programovanie/repos/S05_TestingGrounds/TestingGrounds/Content/Static/Packs/TestingGroundPack/IndustryPropsPack4/Textures/Container_D.uasset" 323
"../../../../../../Users/Martin/Programovanie/repos/S05_TestingGrounds/TestingGrounds/Content/Static/Packs/TestingGroundPack/IndustryPropsPack4/Textures/Dirt2_N.uasset" 324
"../../../../../../Users/Martin/Programovanie/repos/S05_TestingGrounds/TestingGrounds/Content/Static/Packs/TestingGroundPack/IndustryPropsPack4/Materials/Container.uasset" 325
"../../../../../../Users/Martin/Programovanie/repos/S05_TestingGrounds/TestingGrounds/Content/Static/Packs/TestingGroundPack/IndustryPropsPack4/Meshes/ContainerDoorR.uasset" 326
"../../../../../../Users/Martin/Programovanie/repos/S05_TestingGrounds/TestingGrounds/Content/Static/Packs/TestingGroundPack/IndustryPropsPack4/Meshes/ContainerDoorL.uasset" 327
"../../../../../../Users/Martin/Programovanie/repos/S05_TestingGrounds/TestingGrounds/Content/Static/Packs/TestingGroundPack/IndustryPropsPack4/Meshes/Container.uasset" 328
"../../../../../../Users/Martin/Programovanie/repos/S05_TestingGrounds/TestingGrounds/Content/Dynamic/Terrain/Props/BP_Container.uasset" 329
"../../../../../../Users/Martin/Programovanie/repos/S05_TestingGrounds/TestingGrounds/Content/Static/Packs/TestingGroundPack/IndustryPropsPack4/Textures/Canister_SRM.uasset" 330
"../../../../../../Users/Martin/Programovanie/repos/S05_TestingGrounds/TestingGrounds/Content/Static/Packs/TestingGroundPack/IndustryPropsPack4/Textures/Canister_N.uasset" 331
"../../../../../../Users/Martin/Programovanie/repos/S05_TestingGrounds/TestingGrounds/Content/Static/Packs/TestingGroundPack/IndustryPropsPack4/Textures/Canister_D.uasset" 332
"../../../../../../Users/Martin/Programovanie/repos/S05_TestingGrounds/TestingGrounds/Content/Static/Packs/TestingGroundPack/IndustryPropsPack4/Materials/Canister.uasset" 333
"../../../../../../Users/Martin/Programovanie/repos/S05_TestingGrounds/TestingGrounds/Content/Static/Packs/TestingGroundPack/IndustryPropsPack4/Meshes/Canister1.uasset" 334
"../../../../../../Users/Martin/Programovanie/repos/S05_TestingGrounds/TestingGrounds/Content/Dynamic/Terrain/Props/BP_Canister.uasset" 335
"../../../../../../Users/Martin/Programovanie/repos/S05_TestingGrounds/TestingGrounds/Content/Static/Packs/TestingGroundPack/IndustryPropsPack4/Textures/Box_SRM.uasset" 336
"../../../../../../Users/Martin/Programovanie/repos/S05_TestingGrounds/TestingGrounds/Content/Static/Packs/TestingGroundPack/IndustryPropsPack4/Textures/Box_N.uasset" 337
"../../../../../../Users/Martin/Programovanie/repos/S05_TestingGrounds/TestingGrounds/Content/Static/Packs/TestingGroundPack/IndustryPropsPack4/Textures/Box_D.uasset" 338
"../../../../../../Users/Martin/Programovanie/repos/S05_TestingGrounds/TestingGrounds/Content/Static/Packs/TestingGroundPack/IndustryPropsPack4/Materials/Box.uasset" 339
"../../../../../../Users/Martin/Programovanie/repos/S05_TestingGrounds/TestingGrounds/Content/Static/Packs/TestingGroundPack/IndustryPropsPack4/Meshes/Box2.uasset" 340
"../../../../../../Users/Martin/Programovanie/repos/S05_TestingGrounds/TestingGrounds/Content/Dynamic/Terrain/Props/BP_Box.uasset" 341
"../../../../../../Users/Martin/Programovanie/repos/S05_TestingGrounds/TestingGrounds/Content/Static/Player/Character/Mesh/SK_Mannequin_Arms_PhysicsAsset.uasset" 342
"../../../../../../Users/Martin/Programovanie/repos/S05_TestingGrounds/TestingGrounds/Content/Static/Player/Character/Textures/UE4_Mannequin_MAT_MASKA.uasset" 343
"../../../../../../Users/Martin/Programovanie/repos/S05_TestingGrounds/TestingGrounds/Content/Static/Player/Character/Textures/UE4_Mannequin__normals.uasset" 344
"../../../Engine/Content/Functions/MaterialLayerFunctions/MatLayerBlend_Simple.uasset" 345
"../../../Engine/Content/Functions/MaterialLayerFunctions/MatLayerBlend_NormalBlend.uasset" 346
"../../../../../../Users/Martin/Programovanie/repos/S05_TestingGrounds/TestingGrounds/Content/Static/Player/Character/Materials/MaterialLayers/T_ML_Aluminum01_N.uasset" 347
"../../../../../../Users/Martin/Programovanie/repos/S05_TestingGrounds/TestingGrounds/Content/Static/Player/Character/Materials/MaterialLayers/T_ML_Aluminum01.uasset" 348
"../../../../../../Users/Martin/Programovanie/repos/S05_TestingGrounds/TestingGrounds/Content/Static/Player/Character/Materials/MaterialLayers/ML_SoftMetal_UE4.uasset" 349
"../../../../../../Users/Martin/Programovanie/repos/S05_TestingGrounds/TestingGrounds/Content/Static/Player/Character/Textures/UE4_LOGO_CARD.uasset" 350
"../../../../../../Users/Martin/Programovanie/repos/S05_TestingGrounds/TestingGrounds/Content/Static/Player/Character/Materials/MaterialLayers/ML_Plastic_Shiny_Beige_LOGO.uasset" 351
"../../../../../../Users/Martin/Programovanie/repos/S05_TestingGrounds/TestingGrounds/Content/Static/Player/Character/Materials/MaterialLayers/ML_Plastic_Shiny_Beige.uasset" 352
"../../../../../../Users/Martin/Programovanie/repos/S05_TestingGrounds/TestingGrounds/Content/Static/Player/Character/Materials/MaterialLayers/T_ML_Rubber_Blue_01_N.uasset" 353
"../../../../../../Users/Martin/Programovanie/repos/S05_TestingGrounds/TestingGrounds/Content/Static/Player/Character/Materials/MaterialLayers/T_ML_Rubber_Blue_01_D.uasset" 354
"../../../../../../Users/Martin/Programovanie/repos/S05_TestingGrounds/TestingGrounds/Content/Static/Player/Character/Materials/MaterialLayers/ML_GlossyBlack_Latex_UE4.uasset" 355
"../../../../../../Users/Martin/Programovanie/repos/S05_TestingGrounds/TestingGrounds/Content/Static/Player/Character/Materials/M_UE4Man_Body.uasset" 356
"../../../../../../Users/Martin/Programovanie/repos/S05_TestingGrounds/TestingGrounds/Content/Static/Player/Character/Mesh/SK_Mannequin_Arms_Skeleton.uasset" 357
"../../../../../../Users/Martin/Programovanie/repos/S05_TestingGrounds/TestingGrounds/Content/Static/Player/Character/Mesh/SK_Mannequin_Arms.uasset" 358
"../../../../../../Users/Martin/Programovanie/repos/S05_TestingGrounds/TestingGrounds/Content/Static/Player/Audio/FirstPersonTemplateWeaponFire02.uasset" 359
"../../../../../../Users/Martin/Programovanie/repos/S05_TestingGrounds/TestingGrounds/Content/Static/Player/Meshes/FirstPersonProjectileMaterial.uasset" 360
"../../../../../../Users/Martin/Programovanie/repos/S05_TestingGrounds/TestingGrounds/Content/Static/Player/Meshes/FirstPersonProjectileMesh.uasset" 361
"../../../../../../Users/Martin/Programovanie/repos/S05_TestingGrounds/TestingGrounds/Content/Static/Weapons/FPWeapon/Materials/M_Laser.uasset" 362
"../../../../../../Users/Martin/Programovanie/repos/S05_TestingGrounds/TestingGrounds/Content/Dynamic/Weapons/FPWeapon/Behaviour/BP_FirstPersonProjectile.uasset" 363
"../../../../../../Users/Martin/Programovanie/repos/S05_TestingGrounds/TestingGrounds/Content/Static/Weapons/FPWeapon/Mesh/SK_FPGun_Skeleton.uasset" 364
"../../../../../../Users/Martin/Programovanie/repos/S05_TestingGrounds/TestingGrounds/Content/Static/Weapons/FPWeapon/Textures/T_FPGun_N.uasset" 365
"../../../../../../Users/Martin/Programovanie/repos/S05_TestingGrounds/TestingGrounds/Content/Static/Weapons/FPWeapon/Textures/T_FPGun_M.uasset" 366
"../../../../../../Users/Martin/Programovanie/repos/S05_TestingGrounds/TestingGrounds/Content/Static/Weapons/FPWeapon/Materials/MaterialLayers/T_ML_Aluminum01_N.uasset" 367
"../../../../../../Users/Martin/Programovanie/repos/S05_TestingGrounds/TestingGrounds/Content/Static/Weapons/FPWeapon/Materials/MaterialLayers/T_ML_Aluminum01.uasset" 368
"../../../../../../Users/Martin/Programovanie/repos/S05_TestingGrounds/TestingGrounds/Content/Static/Weapons/FPWeapon/Materials/MaterialLayers/ML_SoftMetal_UE4.uasset" 369
"../../../../../../Users/Martin/Programovanie/repos/S05_TestingGrounds/TestingGrounds/Content/Static/Weapons/FPWeapon/Materials/MaterialLayers/ML_Screen.uasset" 370
"../../../../../../Users/Martin/Programovanie/repos/S05_TestingGrounds/TestingGrounds/Content/Static/Weapons/FPWeapon/Materials/MaterialLayers/ML_Plastic_Shiny_Beige.uasset" 371
"../../../../../../Users/Martin/Programovanie/repos/S05_TestingGrounds/TestingGrounds/Content/Static/Weapons/FPWeapon/Materials/MaterialLayers/T_ML_Rubber_Blue_01_N.uasset" 372
"../../../../../../Users/Martin/Programovanie/repos/S05_TestingGrounds/TestingGrounds/Content/Static/Weapons/FPWeapon/Materials/MaterialLayers/T_ML_Rubber_Blue_01_D.uasset" 373
"../../../../../../Users/Martin/Programovanie/repos/S05_TestingGrounds/TestingGrounds/Content/Static/Weapons/FPWeapon/Materials/MaterialLayers/ML_GlossyBlack_Latex_UE4.uasset" 374
"../../../../../../Users/Martin/Programovanie/repos/S05_TestingGrounds/TestingGrounds/Content/Static/Weapons/FPWeapon/Materials/M_FPGun.uasset" 375
"../../../../../../Users/Martin/Programovanie/repos/S05_TestingGrounds/TestingGrounds/Content/Static/Weapons/FPWeapon/Mesh/SK_FPGun.uasset" 376
"../../../../../../Users/Martin/Programovanie/repos/S05_TestingGrounds/TestingGrounds/Content/Dynamic/Character/Animations/TPAnimationClips/Fire_Rifle_Ironsights.uasset" 377
"../../../../../../Users/Martin/Programovanie/repos/S05_TestingGrounds/TestingGrounds/Content/Dynamic/Character/Animations/AM_TPFire.uasset" 378
"../../../../../../Users/Martin/Programovanie/repos/S05_TestingGrounds/TestingGrounds/Content/Dynamic/Character/Animations/FPAnimationClips/FirstPerson_Fire.uasset" 379
"../../../../../../Users/Martin/Programovanie/repos/S05_TestingGrounds/TestingGrounds/Content/Dynamic/Character/Animations/AM_FPFire.uasset" 380
"../../../../../../Users/Martin/Programovanie/repos/S05_TestingGrounds/TestingGrounds/Content/Dynamic/Weapons/FPWeapon/Behaviour/BP_Gun.uasset" 381
"../../../../../../Users/Martin/Programovanie/repos/S05_TestingGrounds/TestingGrounds/Content/Static/NPC/Character/Mesh/SK_Mannequin_PhysicsAsset.uasset" 382
"../../../../../../Users/Martin/Programovanie/repos/S05_TestingGrounds/TestingGrounds/Content/Static/NPC/Character/Textures/UE4_LOGO_CARD.uasset" 383
"../../../../../../Users/Martin/Programovanie/repos/S05_TestingGrounds/TestingGrounds/Content/Static/NPC/Character/Materials/MaterialLayers/ML_Plastic_Shiny_Beige_LOGO.uasset" 384
"../../../../../../Users/Martin/Programovanie/repos/S05_TestingGrounds/TestingGrounds/Content/Static/NPC/Character/Materials/MaterialLayers/ML_Plastic_Shiny_Beige.uasset" 385
"../../../../../../Users/Martin/Programovanie/repos/S05_TestingGrounds/TestingGrounds/Content/Static/NPC/Character/Materials/MaterialLayers/T_ML_Rubber_Blue_01_N.uasset" 386
"../../../../../../Users/Martin/Programovanie/repos/S05_TestingGrounds/TestingGrounds/Content/Static/NPC/Character/Materials/MaterialLayers/T_ML_Rubber_Blue_01_D.uasset" 387
"../../../../../../Users/Martin/Programovanie/repos/S05_TestingGrounds/TestingGrounds/Content/Static/NPC/Character/Materials/MaterialLayers/ML_GlossyBlack_Latex_UE4.uasset" 388
"../../../Engine/Content/Functions/MaterialLayerFunctions/MatLayerBlend_AO.uasset" 389
"../../../../../../Users/Martin/Programovanie/repos/S05_TestingGrounds/TestingGrounds/Content/Static/NPC/Character/Textures/UE4_Mannequin_occlusion_Mobile.uasset" 390
"../../../../../../Users/Martin/Programovanie/repos/S05_TestingGrounds/TestingGrounds/Content/Static/NPC/Character/Textures/UE4_Mannequin_MAT_MASKA.uasset" 391
"../../../../../../Users/Martin/Programovanie/repos/S05_TestingGrounds/TestingGrounds/Content/Static/NPC/Character/Textures/UE4_Mannequin__normals.uasset" 392
"../../../../../../Users/Martin/Programovanie/repos/S05_TestingGrounds/TestingGrounds/Content/Static/NPC/Character/Materials/MaterialLayers/T_ML_Aluminum01_N.uasset" 393
"../../../../../../Users/Martin/Programovanie/repos/S05_TestingGrounds/TestingGrounds/Content/Static/NPC/Character/Materials/MaterialLayers/T_ML_Aluminum01.uasset" 394
"../../../../../../Users/Martin/Programovanie/repos/S05_TestingGrounds/TestingGrounds/Content/Static/NPC/Character/Materials/MaterialLayers/ML_SoftMetal_UE4.uasset" 395
"../../../../../../Users/Martin/Programovanie/repos/S05_TestingGrounds/TestingGrounds/Content/Static/NPC/Character/Materials/M_UE4Man_Body.uasset" 396
"../../../../../../Users/Martin/Programovanie/repos/S05_TestingGrounds/TestingGrounds/Content/Static/NPC/Character/Textures/UE4Man_Logo_N.uasset" 397
"../../../../../../Users/Martin/Programovanie/repos/S05_TestingGrounds/TestingGrounds/Content/Static/NPC/Character/Materials/M_UE4Man_ChestLogo.uasset" 398
"../../../../../../Users/Martin/Programovanie/repos/S05_TestingGrounds/TestingGrounds/Content/Dynamic/Character/Animations/TPAnimationClips/SK_Mannequin.uasset" 399
"../../../../../../Users/Martin/Programovanie/repos/S05_TestingGrounds/TestingGrounds/Content/Dynamic/Character/Animations/TPAnimationClips/Jog_Rt_Rifle.uasset" 400
"../../../../../../Users/Martin/Programovanie/repos/S05_TestingGrounds/TestingGrounds/Content/Dynamic/Character/Animations/TPAnimationClips/Jog_Lt_Rifle.uasset" 401
"../../../../../../Users/Martin/Programovanie/repos/S05_TestingGrounds/TestingGrounds/Content/Dynamic/Character/Animations/TPAnimationClips/Jog_Fwd_Rifle.uasset" 402
"../../../../../../Users/Martin/Programovanie/repos/S05_TestingGrounds/TestingGrounds/Content/Dynamic/Character/Animations/TPAnimationClips/Jog_Bwd_Rifle.uasset" 403
"../../../../../../Users/Martin/Programovanie/repos/S05_TestingGrounds/TestingGrounds/Content/Dynamic/Character/Animations/BlendSpaces/BS_Jog.uasset" 404
"../../../../../../Users/Martin/Programovanie/repos/S05_TestingGrounds/TestingGrounds/Content/Dynamic/Character/Animations/TPAnimationClips/Crouch_Walk_Rt_Rifle_Hip.uasset" 405
"../../../../../../Users/Martin/Programovanie/repos/S05_TestingGrounds/TestingGrounds/Content/Dynamic/Character/Animations/TPAnimationClips/Crouch_Walk_Lt_Rifle_Hip.uasset" 406
"../../../../../../Users/Martin/Programovanie/repos/S05_TestingGrounds/TestingGrounds/Content/Dynamic/Character/Animations/TPAnimationClips/Crouch_Walk_Fwd_Rifle_Hip.uasset" 407
"../../../../../../Users/Martin/Programovanie/repos/S05_TestingGrounds/TestingGrounds/Content/Dynamic/Character/Animations/TPAnimationClips/Crouch_Walk_Bwd_Rifle_Hip.uasset" 408
"../../../../../../Users/Martin/Programovanie/repos/S05_TestingGrounds/TestingGrounds/Content/Dynamic/Character/Animations/BlendSpaces/BS_CrouchWalk.uasset" 409
"../../../../../../Users/Martin/Programovanie/repos/S05_TestingGrounds/TestingGrounds/Content/Dynamic/Character/Animations/TPAnimationClips/Walk_Rt_Rifle_Ironsights.uasset" 410
"../../../../../../Users/Martin/Programovanie/repos/S05_TestingGrounds/TestingGrounds/Content/Dynamic/Character/Animations/TPAnimationClips/Walk_Lt_Rifle_Ironsights.uasset" 411
"../../../../../../Users/Martin/Programovanie/repos/S05_TestingGrounds/TestingGrounds/Content/Dynamic/Character/Animations/TPAnimationClips/Walk_Fwd_Rifle_Ironsights.uasset" 412
"../../../../../../Users/Martin/Programovanie/repos/S05_TestingGrounds/TestingGrounds/Content/Dynamic/Character/Animations/TPAnimationClips/Walk_Bwd_Rifle_Ironsights.uasset" 413
"../../../../../../Users/Martin/Programovanie/repos/S05_TestingGrounds/TestingGrounds/Content/Dynamic/Character/Animations/BlendSpaces/Aiming_Walk.uasset" 414
"../../../../../../Users/Martin/Programovanie/repos/S05_TestingGrounds/TestingGrounds/Content/Dynamic/Character/Animations/TPAnimationClips/Jump_From_Stand.uasset" 415
"../../../../../../Users/Martin/Programovanie/repos/S05_TestingGrounds/TestingGrounds/Content/Dynamic/Character/Animations/TPAnimationClips/Jump_From_Jog.uasset" 416
"../../../../../../Users/Martin/Programovanie/repos/S05_TestingGrounds/TestingGrounds/Content/Dynamic/Character/Animations/TPAnimationClips/Idle_Rifle_Ironsights.uasset" 417
"../../../../../../Users/Martin/Programovanie/repos/S05_TestingGrounds/TestingGrounds/Content/Dynamic/Character/Animations/TPAnimationClips/Idle_Rifle_Hip.uasset" 418
"../../../../../../Users/Martin/Programovanie/repos/S05_TestingGrounds/TestingGrounds/Content/Dynamic/Character/Animations/TPAnimationClips/Death_2.uasset" 419
"../../../../../../Users/Martin/Programovanie/repos/S05_TestingGrounds/TestingGrounds/Content/Dynamic/Character/Animations/TPAnimationClips/Death_1.uasset" 420
"../../../../../../Users/Martin/Programovanie/repos/S05_TestingGrounds/TestingGrounds/Content/Dynamic/Character/Animations/TPAnimationClips/Crouch_Idle_Rifle_Hip.uasset" 421
"../../../../../../Users/Martin/Programovanie/repos/S05_TestingGrounds/TestingGrounds/Content/Dynamic/Character/Animations/TPAnimationClips/Aim_Space_Ironsights.uasset" 422
"../../../../../../Users/Martin/Programovanie/repos/S05_TestingGrounds/TestingGrounds/Content/Dynamic/Character/Animations/AimOffsets/AimUp.uasset" 423
"../../../../../../Users/Martin/Programovanie/repos/S05_TestingGrounds/TestingGrounds/Content/Dynamic/Character/Animations/AimOffsets/AimRight.uasset" 424
"../../../../../../Users/Martin/Programovanie/repos/S05_TestingGrounds/TestingGrounds/Content/Dynamic/Character/Animations/AimOffsets/AimLeft.uasset" 425
"../../../../../../Users/Martin/Programovanie/repos/S05_TestingGrounds/TestingGrounds/Content/Dynamic/Character/Animations/AimOffsets/AimDown.uasset" 426
"../../../../../../Users/Martin/Programovanie/repos/S05_TestingGrounds/TestingGrounds/Content/Dynamic/Character/Animations/AimOffsets/AimCenter.uasset" 427
"../../../../../../Users/Martin/Programovanie/repos/S05_TestingGrounds/TestingGrounds/Content/Dynamic/Character/Animations/AimOffsets/AimOffset.uasset" 428
"../../../../../../Users/Martin/Programovanie/repos/S05_TestingGrounds/TestingGrounds/Content/Dynamic/Character/Animations/ABP_TP.uasset" 429
"../../../../../../Users/Martin/Programovanie/repos/S05_TestingGrounds/TestingGrounds/Content/Dynamic/Character/Animations/FPAnimationClips/FirstPerson_Run.uasset" 430
"../../../../../../Users/Martin/Programovanie/repos/S05_TestingGrounds/TestingGrounds/Content/Dynamic/Character/Animations/FPAnimationClips/FirstPerson_JumpStart.uasset" 431
"../../../../../../Users/Martin/Programovanie/repos/S05_TestingGrounds/TestingGrounds/Content/Dynamic/Character/Animations/FPAnimationClips/FirstPerson_JumpLoop.uasset" 432
"../../../../../../Users/Martin/Programovanie/repos/S05_TestingGrounds/TestingGrounds/Content/Dynamic/Character/Animations/FPAnimationClips/FirstPerson_JumpEnd.uasset" 433
"../../../../../../Users/Martin/Programovanie/repos/S05_TestingGrounds/TestingGrounds/Content/Dynamic/Character/Animations/FPAnimationClips/FirstPerson_Idle.uasset" 434
"../../../../../../Users/Martin/Programovanie/repos/S05_TestingGrounds/TestingGrounds/Content/Dynamic/Character/Animations/ABP_FP.uasset" 435
"../../../../../../Users/Martin/Programovanie/repos/S05_TestingGrounds/TestingGrounds/Content/Dynamic/Character/AI/PatrolData.uasset" 436
"../../../../../../Users/Martin/Programovanie/repos/S05_TestingGrounds/TestingGrounds/Content/Dynamic/Character/AI/UpdateLastLocation.uasset" 437
"../../../../../../Users/Martin/Programovanie/repos/S05_TestingGrounds/TestingGrounds/Content/Dynamic/Character/AI/IsWithinRange.uasset" 438
"../../../../../../Users/Martin/Programovanie/repos/S05_TestingGrounds/TestingGrounds/Content/Dynamic/Character/Animations/TPAnimationClips/Idle_Rifle_Hip_Break1.uasset" 439
"../../../../../../Users/Martin/Programovanie/repos/S05_TestingGrounds/TestingGrounds/Content/Dynamic/Character/AI/ClearBlackboardValue.uasset" 440
"../../../../../../Users/Martin/Programovanie/repos/S05_TestingGrounds/TestingGrounds/Content/Dynamic/Character/AI/Suspicion.uasset" 441
"../../../../../../Users/Martin/Programovanie/repos/S05_TestingGrounds/TestingGrounds/Content/Dynamic/Character/AI/Shoot.uasset" 442
"../../../../../../Users/Martin/Programovanie/repos/S05_TestingGrounds/TestingGrounds/Content/Dynamic/Character/AI/ShootingSequence.uasset" 443
"../../../../../../Users/Martin/Programovanie/repos/S05_TestingGrounds/TestingGrounds/Content/Dynamic/Character/Animations/TPAnimationClips/Idle_Rifle_Hip_Break2.uasset" 444
"../../../../../../Users/Martin/Programovanie/repos/S05_TestingGrounds/TestingGrounds/Content/Dynamic/Character/AI/FindNextWaypoint.uasset" 445
"../../../../../../Users/Martin/Programovanie/repos/S05_TestingGrounds/TestingGrounds/Content/Dynamic/Character/AI/Patrol2.uasset" 446
"../../../../../../Users/Martin/Programovanie/repos/S05_TestingGrounds/TestingGrounds/Content/Dynamic/Character/AI/Patrol1.uasset" 447
"../../../../../../Users/Martin/Programovanie/repos/S05_TestingGrounds/TestingGrounds/Content/Dynamic/Character/AI/AnimationVariations.uasset" 448
"../../../../../../Users/Martin/Programovanie/repos/S05_TestingGrounds/TestingGrounds/Content/Dynamic/Character/AI/GuardBehaviour.uasset" 449
"../../../../../../Users/Martin/Programovanie/repos/S05_TestingGrounds/TestingGrounds/Content/Dynamic/Character/AI/NPC_AI_BP.uasset" 450
"../../../../../../Users/Martin/Programovanie/repos/S05_TestingGrounds/TestingGrounds/Content/Dynamic/Character/Behaviour/BP_Character.uasset" 451
"../../../../../../Users/Martin/Programovanie/repos/S05_TestingGrounds/TestingGrounds/Content/Dynamic/UI/WBP_Score.uasset" 452
"../../../../../../Users/Martin/Programovanie/repos/S05_TestingGrounds/TestingGrounds/Content/Dynamic/UI/WBP_Health.uasset" 453
"../../../../../../Users/Martin/Programovanie/repos/S05_TestingGrounds/TestingGrounds/Content/Dynamic/UI/WBP_HUD.uasset" 454
"../../../../../../Users/Martin/Programovanie/repos/S05_TestingGrounds/TestingGrounds/Content/Dynamic/Character/Behaviour/BP_PlayerController.uasset" 455
"../../../../../../Users/Martin/Programovanie/repos/S05_TestingGrounds/TestingGrounds/Content/Dynamic/BP_InfiniteTerrainGameMode.uasset" 456
"../../../../../../Users/Martin/Programovanie/repos/S05_TestingGrounds/TestingGrounds/Content/Dynamic/Terrain/BP_Tile.uasset" 457
"../../../../../../Users/Martin/Programovanie/repos/S05_TestingGrounds/TestingGrounds/Content/Dynamic/Levels/FirstPersonExampleMap.umap" 458
"../../../Engine/Content/Maps/Entry_BuiltData.uasset" 459
"../../../Engine/Content/Maps/Entry.umap" 460
